<?xml version="1.0" encoding="UTF-8"?>
<!-- Generated by org.testng.reporters.JUnitReportReporter -->
<testsuite hostname="DESKTOP-O0V502G" failures="0" tests="1" name="KiteResult.ResultClass" time="3.615" errors="0" timestamp="2022-09-03T16:26:40 IST" skipped="0">
  <testcase classname="KiteResult.ResultClass" name="verifyuserID" time="3.615"/>
  <system-out>
    <![CDATA[running verify user id]]>
  </system-out>
</testsuite> <!-- KiteResult.ResultClass -->
